<?xml version="1.0" encoding="UTF-8"?>
<testsuite xmlns:xsi="http://www.w3.org/2001/XMLSchema-instance" xsi:noNamespaceSchemaLocation="https://maven.apache.org/surefire/maven-surefire-plugin/xsd/surefire-test-report-3.0.xsd" version="3.0" name="testrunner.TestRunner" time="71.545" tests="2" errors="2" skipped="0" failures="0">
  <properties>
    <property name="java.specification.version" value="20"/>
    <property name="sun.jnu.encoding" value="UTF-8"/>
    <property name="java.class.path" value="/Users/dan.stanemir/Desktop/bexioAgTest/target/test-classes:/Users/dan.stanemir/Desktop/bexioAgTest/target/classes:/Users/dan.stanemir/.m2/repository/com/microsoft/playwright/playwright/1.33.0/playwright-1.33.0.jar:/Users/dan.stanemir/.m2/repository/com/google/code/gson/gson/2.8.9/gson-2.8.9.jar:/Users/dan.stanemir/.m2/repository/org/opentest4j/opentest4j/1.2.0/opentest4j-1.2.0.jar:/Users/dan.stanemir/.m2/repository/com/microsoft/playwright/driver/1.33.0/driver-1.33.0.jar:/Users/dan.stanemir/.m2/repository/com/microsoft/playwright/driver-bundle/1.33.0/driver-bundle-1.33.0.jar:/Users/dan.stanemir/.m2/repository/io/cucumber/cucumber-java/6.9.1/cucumber-java-6.9.1.jar:/Users/dan.stanemir/.m2/repository/io/cucumber/cucumber-core/6.9.1/cucumber-core-6.9.1.jar:/Users/dan.stanemir/.m2/repository/io/cucumber/cucumber-gherkin/6.9.1/cucumber-gherkin-6.9.1.jar:/Users/dan.stanemir/.m2/repository/io/cucumber/cucumber-gherkin-messages/6.9.1/cucumber-gherkin-messages-6.9.1.jar:/Users/dan.stanemir/.m2/repository/io/cucumber/messages/13.2.1/messages-13.2.1.jar:/Users/dan.stanemir/.m2/repository/io/cucumber/tag-expressions/3.0.0/tag-expressions-3.0.0.jar:/Users/dan.stanemir/.m2/repository/io/cucumber/cucumber-expressions/10.3.0/cucumber-expressions-10.3.0.jar:/Users/dan.stanemir/.m2/repository/io/cucumber/datatable/3.5.0/datatable-3.5.0.jar:/Users/dan.stanemir/.m2/repository/io/cucumber/cucumber-plugin/6.9.1/cucumber-plugin-6.9.1.jar:/Users/dan.stanemir/.m2/repository/io/cucumber/docstring/6.9.1/docstring-6.9.1.jar:/Users/dan.stanemir/.m2/repository/io/cucumber/html-formatter/9.0.0/html-formatter-9.0.0.jar:/Users/dan.stanemir/.m2/repository/io/cucumber/create-meta/2.0.4/create-meta-2.0.4.jar:/Users/dan.stanemir/.m2/repository/org/apiguardian/apiguardian-api/1.1.0/apiguardian-api-1.1.0.jar:/Users/dan.stanemir/.m2/repository/io/cucumber/cucumber-junit/6.9.1/cucumber-junit-6.9.1.jar:/Users/dan.stanemir/.m2/repository/junit/junit/4.13.1/junit-4.13.1.jar:/Users/dan.stanemir/.m2/repository/org/hamcrest/hamcrest-core/1.3/hamcrest-core-1.3.jar:"/>
    <property name="java.vm.vendor" value="Homebrew"/>
    <property name="sun.arch.data.model" value="64"/>
    <property name="java.vendor.url" value="https://github.com/Homebrew/homebrew-core/issues"/>
    <property name="os.name" value="Mac OS X"/>
    <property name="java.vm.specification.version" value="20"/>
    <property name="sun.java.launcher" value="SUN_STANDARD"/>
    <property name="user.country" value="GB"/>
    <property name="sun.boot.library.path" value="/opt/homebrew/Cellar/openjdk/20.0.1/libexec/openjdk.jdk/Contents/Home/lib"/>
    <property name="sun.java.command" value="/Users/dan.stanemir/Desktop/bexioAgTest/target/surefire/surefirebooter-20230509185538230_3.jar /Users/dan.stanemir/Desktop/bexioAgTest/target/surefire 2023-05-09T18-55-38_184-jvmRun1 surefire-20230509185538230_1tmp surefire_0-20230509185538230_2tmp"/>
    <property name="http.nonProxyHosts" value="local|*.local|169.254/16|*.169.254/16"/>
    <property name="jdk.debug" value="release"/>
    <property name="surefire.test.class.path" value="/Users/dan.stanemir/Desktop/bexioAgTest/target/test-classes:/Users/dan.stanemir/Desktop/bexioAgTest/target/classes:/Users/dan.stanemir/.m2/repository/com/microsoft/playwright/playwright/1.33.0/playwright-1.33.0.jar:/Users/dan.stanemir/.m2/repository/com/google/code/gson/gson/2.8.9/gson-2.8.9.jar:/Users/dan.stanemir/.m2/repository/org/opentest4j/opentest4j/1.2.0/opentest4j-1.2.0.jar:/Users/dan.stanemir/.m2/repository/com/microsoft/playwright/driver/1.33.0/driver-1.33.0.jar:/Users/dan.stanemir/.m2/repository/com/microsoft/playwright/driver-bundle/1.33.0/driver-bundle-1.33.0.jar:/Users/dan.stanemir/.m2/repository/io/cucumber/cucumber-java/6.9.1/cucumber-java-6.9.1.jar:/Users/dan.stanemir/.m2/repository/io/cucumber/cucumber-core/6.9.1/cucumber-core-6.9.1.jar:/Users/dan.stanemir/.m2/repository/io/cucumber/cucumber-gherkin/6.9.1/cucumber-gherkin-6.9.1.jar:/Users/dan.stanemir/.m2/repository/io/cucumber/cucumber-gherkin-messages/6.9.1/cucumber-gherkin-messages-6.9.1.jar:/Users/dan.stanemir/.m2/repository/io/cucumber/messages/13.2.1/messages-13.2.1.jar:/Users/dan.stanemir/.m2/repository/io/cucumber/tag-expressions/3.0.0/tag-expressions-3.0.0.jar:/Users/dan.stanemir/.m2/repository/io/cucumber/cucumber-expressions/10.3.0/cucumber-expressions-10.3.0.jar:/Users/dan.stanemir/.m2/repository/io/cucumber/datatable/3.5.0/datatable-3.5.0.jar:/Users/dan.stanemir/.m2/repository/io/cucumber/cucumber-plugin/6.9.1/cucumber-plugin-6.9.1.jar:/Users/dan.stanemir/.m2/repository/io/cucumber/docstring/6.9.1/docstring-6.9.1.jar:/Users/dan.stanemir/.m2/repository/io/cucumber/html-formatter/9.0.0/html-formatter-9.0.0.jar:/Users/dan.stanemir/.m2/repository/io/cucumber/create-meta/2.0.4/create-meta-2.0.4.jar:/Users/dan.stanemir/.m2/repository/org/apiguardian/apiguardian-api/1.1.0/apiguardian-api-1.1.0.jar:/Users/dan.stanemir/.m2/repository/io/cucumber/cucumber-junit/6.9.1/cucumber-junit-6.9.1.jar:/Users/dan.stanemir/.m2/repository/junit/junit/4.13.1/junit-4.13.1.jar:/Users/dan.stanemir/.m2/repository/org/hamcrest/hamcrest-core/1.3/hamcrest-core-1.3.jar:"/>
    <property name="sun.cpu.endian" value="little"/>
    <property name="user.home" value="/Users/dan.stanemir"/>
    <property name="user.language" value="en"/>
    <property name="java.specification.vendor" value="Oracle Corporation"/>
    <property name="java.version.date" value="2023-04-18"/>
    <property name="java.home" value="/opt/homebrew/Cellar/openjdk/20.0.1/libexec/openjdk.jdk/Contents/Home"/>
    <property name="file.separator" value="/"/>
    <property name="basedir" value="/Users/dan.stanemir/Desktop/bexioAgTest"/>
    <property name="java.vm.compressedOopsMode" value="Zero based"/>
    <property name="line.separator" value="&#10;"/>
    <property name="java.vm.specification.vendor" value="Oracle Corporation"/>
    <property name="java.specification.name" value="Java Platform API Specification"/>
    <property name="apple.awt.application.name" value="ForkedBooter"/>
    <property name="surefire.real.class.path" value="/Users/dan.stanemir/Desktop/bexioAgTest/target/surefire/surefirebooter-20230509185538230_3.jar"/>
    <property name="sun.management.compiler" value="HotSpot 64-Bit Tiered Compilers"/>
    <property name="ftp.nonProxyHosts" value="local|*.local|169.254/16|*.169.254/16"/>
    <property name="java.runtime.version" value="20.0.1"/>
    <property name="user.name" value="dan.stanemir"/>
    <property name="stdout.encoding" value="UTF-8"/>
    <property name="appurl" value="https://idp.bexio.com/login"/>
    <property name="path.separator" value=":"/>
    <property name="os.version" value="13.2.1"/>
    <property name="java.runtime.name" value="OpenJDK Runtime Environment"/>
    <property name="file.encoding" value="UTF-8"/>
    <property name="browser" value="Chrome"/>
    <property name="java.vm.name" value="OpenJDK 64-Bit Server VM"/>
    <property name="java.vendor.version" value="Homebrew"/>
    <property name="localRepository" value="/Users/dan.stanemir/.m2/repository"/>
    <property name="java.vendor.url.bug" value="https://github.com/Homebrew/homebrew-core/issues"/>
    <property name="java.io.tmpdir" value="/var/folders/m7/y8dvr8t539s1yv3lqxcptcf40000gn/T/"/>
    <property name="java.version" value="20.0.1"/>
    <property name="user.dir" value="/Users/dan.stanemir/Desktop/bexioAgTest"/>
    <property name="os.arch" value="aarch64"/>
    <property name="java.vm.specification.name" value="Java Virtual Machine Specification"/>
    <property name="native.encoding" value="UTF-8"/>
    <property name="java.library.path" value="/Users/dan.stanemir/Library/Java/Extensions:/Library/Java/Extensions:/Network/Library/Java/Extensions:/System/Library/Java/Extensions:/usr/lib/java:."/>
    <property name="java.vm.info" value="mixed mode, sharing"/>
    <property name="stderr.encoding" value="UTF-8"/>
    <property name="java.vendor" value="Homebrew"/>
    <property name="java.vm.version" value="20.0.1"/>
    <property name="sun.io.unicode.encoding" value="UnicodeBig"/>
    <property name="socksNonProxyHosts" value="local|*.local|169.254/16|*.169.254/16"/>
    <property name="java.class.version" value="64.0"/>
  </properties>
  <testcase name="User creates a new quote in Sales/Quotes" classname="Create new quote in Sales/Quotes" time="33.638">
    <error message="Error {&#10;  message=&apos;Timeout 30000ms exceeded.&#10;=========================== logs ===========================&#10;waiting for locator(&quot;xpath=//a[contains(text(),\&quot;Sales\&quot;)]&quot;) to be visible&#10;============================================================&#10;  name=&apos;TimeoutError&#10;  stack=&apos;TimeoutError: Timeout 30000ms exceeded.&#10;=========================== logs ===========================&#10;waiting for locator(&quot;xpath=//a[contains(text(),\&quot;Sales\&quot;)]&quot;) to be visible&#10;============================================================&#10;    at ProgressController.run (/private/var/folders/m7/y8dvr8t539s1yv3lqxcptcf40000gn/T/playwright-java-16551940894594498932/package/lib/server/progress.js:88:26)&#10;    at Frame.waitForSelector (/private/var/folders/m7/y8dvr8t539s1yv3lqxcptcf40000gn/T/playwright-java-16551940894594498932/package/lib/server/frames.js:630:23)&#10;    at FrameDispatcher.waitForSelector (/private/var/folders/m7/y8dvr8t539s1yv3lqxcptcf40000gn/T/playwright-java-16551940894594498932/package/lib/server/dispatchers/frameDispatcher.js:98:117)&#10;    at DispatcherConnection.dispatch (/private/var/folders/m7/y8dvr8t539s1yv3lqxcptcf40000gn/T/playwright-java-16551940894594498932/package/lib/server/dispatchers/dispatcher.js:312:46)&#10;}" type="com.microsoft.playwright.TimeoutError"><![CDATA[com.microsoft.playwright.TimeoutError: 
Error {
  message='Timeout 30000ms exceeded.
=========================== logs ===========================
waiting for locator("xpath=//a[contains(text(),\"Sales\")]") to be visible
============================================================
  name='TimeoutError
  stack='TimeoutError: Timeout 30000ms exceeded.
=========================== logs ===========================
waiting for locator("xpath=//a[contains(text(),\"Sales\")]") to be visible
============================================================
    at ProgressController.run (/private/var/folders/m7/y8dvr8t539s1yv3lqxcptcf40000gn/T/playwright-java-16551940894594498932/package/lib/server/progress.js:88:26)
    at Frame.waitForSelector (/private/var/folders/m7/y8dvr8t539s1yv3lqxcptcf40000gn/T/playwright-java-16551940894594498932/package/lib/server/frames.js:630:23)
    at FrameDispatcher.waitForSelector (/private/var/folders/m7/y8dvr8t539s1yv3lqxcptcf40000gn/T/playwright-java-16551940894594498932/package/lib/server/dispatchers/frameDispatcher.js:98:117)
    at DispatcherConnection.dispatch (/private/var/folders/m7/y8dvr8t539s1yv3lqxcptcf40000gn/T/playwright-java-16551940894594498932/package/lib/server/dispatchers/dispatcher.js:312:46)
}
	at com.microsoft.playwright.impl.WaitableResult.get(WaitableResult.java:52)
	at com.microsoft.playwright.impl.ChannelOwner.runUntil(ChannelOwner.java:111)
	at com.microsoft.playwright.impl.Connection.sendMessage(Connection.java:126)
	at com.microsoft.playwright.impl.ChannelOwner.sendMessage(ChannelOwner.java:102)
	at com.microsoft.playwright.impl.FrameImpl.waitForSelectorImpl(FrameImpl.java:1064)
	at com.microsoft.playwright.impl.FrameImpl.waitForSelectorImpl(FrameImpl.java:1054)
	at com.microsoft.playwright.impl.PageImpl.lambda$waitForSelector$91(PageImpl.java:1460)
	at com.microsoft.playwright.impl.LoggingSupport.withLogging(LoggingSupport.java:47)
	at com.microsoft.playwright.impl.ChannelOwner.withLogging(ChannelOwner.java:87)
	at com.microsoft.playwright.impl.PageImpl.waitForSelector(PageImpl.java:1459)
	at com.microsoft.playwright.Page.waitForSelector(Page.java:7777)
	at utils.Utils.clickElement(Utils.java:15)
	at pages.SalesPage.navigateToQuotes(SalesPage.java:36)
	at stepdefinitions.SalesSteps.userNavigatesToQuotes(SalesSteps.java:50)
	at ✽.the user is on the Quotes page(file:///Users/dan.stanemir/Desktop/bexioAgTest/src/test/java/features/1.%20CreateNewQuote.feature:5)
Caused by: com.microsoft.playwright.TimeoutError: Error {
  message='Timeout 30000ms exceeded.
=========================== logs ===========================
waiting for locator("xpath=//a[contains(text(),\"Sales\")]") to be visible
============================================================
  name='TimeoutError
  stack='TimeoutError: Timeout 30000ms exceeded.
=========================== logs ===========================
waiting for locator("xpath=//a[contains(text(),\"Sales\")]") to be visible
============================================================
    at ProgressController.run (/private/var/folders/m7/y8dvr8t539s1yv3lqxcptcf40000gn/T/playwright-java-16551940894594498932/package/lib/server/progress.js:88:26)
    at Frame.waitForSelector (/private/var/folders/m7/y8dvr8t539s1yv3lqxcptcf40000gn/T/playwright-java-16551940894594498932/package/lib/server/frames.js:630:23)
    at FrameDispatcher.waitForSelector (/private/var/folders/m7/y8dvr8t539s1yv3lqxcptcf40000gn/T/playwright-java-16551940894594498932/package/lib/server/dispatchers/frameDispatcher.js:98:117)
    at DispatcherConnection.dispatch (/private/var/folders/m7/y8dvr8t539s1yv3lqxcptcf40000gn/T/playwright-java-16551940894594498932/package/lib/server/dispatchers/dispatcher.js:312:46)
}
	at com.microsoft.playwright.impl.Connection.dispatch(Connection.java:224)
	at com.microsoft.playwright.impl.Connection.processOneMessage(Connection.java:206)
	at com.microsoft.playwright.impl.ChannelOwner.runUntil(ChannelOwner.java:109)
	at com.microsoft.playwright.impl.Connection.sendMessage(Connection.java:126)
	at com.microsoft.playwright.impl.ChannelOwner.sendMessage(ChannelOwner.java:102)
	at com.microsoft.playwright.impl.FrameImpl.waitForSelectorImpl(FrameImpl.java:1064)
	at com.microsoft.playwright.impl.FrameImpl.waitForSelectorImpl(FrameImpl.java:1054)
	at com.microsoft.playwright.impl.PageImpl.lambda$waitForSelector$91(PageImpl.java:1460)
	at com.microsoft.playwright.impl.LoggingSupport.withLogging(LoggingSupport.java:47)
	at com.microsoft.playwright.impl.ChannelOwner.withLogging(ChannelOwner.java:87)
	at com.microsoft.playwright.impl.PageImpl.waitForSelector(PageImpl.java:1459)
	at com.microsoft.playwright.Page.waitForSelector(Page.java:7777)
	at utils.Utils.clickElement(Utils.java:15)
	at pages.SalesPage.navigateToQuotes(SalesPage.java:36)
	at stepdefinitions.SalesSteps.userNavigatesToQuotes(SalesSteps.java:50)
	at java.base/jdk.internal.reflect.DirectMethodHandleAccessor.invoke(DirectMethodHandleAccessor.java:104)
	at java.base/java.lang.reflect.Method.invoke(Method.java:578)
	at io.cucumber.java.Invoker.doInvoke(Invoker.java:66)
	at io.cucumber.java.Invoker.invoke(Invoker.java:24)
	at io.cucumber.java.AbstractGlueDefinition.invokeMethod(AbstractGlueDefinition.java:47)
	at io.cucumber.java.JavaStepDefinition.execute(JavaStepDefinition.java:29)
	at io.cucumber.core.runner.CoreStepDefinition.execute(CoreStepDefinition.java:66)
	at io.cucumber.core.runner.PickleStepDefinitionMatch.runStep(PickleStepDefinitionMatch.java:63)
	at io.cucumber.core.runner.ExecutionMode$1.execute(ExecutionMode.java:10)
	at io.cucumber.core.runner.TestStep.executeStep(TestStep.java:92)
	at io.cucumber.core.runner.TestStep.run(TestStep.java:64)
	at io.cucumber.core.runner.PickleStepTestStep.run(PickleStepTestStep.java:51)
	at io.cucumber.core.runner.TestCase.run(TestCase.java:104)
	at io.cucumber.core.runner.Runner.runPickle(Runner.java:71)
	at io.cucumber.junit.PickleRunners$NoStepDescriptions.run(PickleRunners.java:151)
	at io.cucumber.junit.FeatureRunner.runChild(FeatureRunner.java:135)
	at io.cucumber.junit.FeatureRunner.runChild(FeatureRunner.java:27)
	at org.junit.runners.ParentRunner$4.run(ParentRunner.java:331)
	at org.junit.runners.ParentRunner$1.schedule(ParentRunner.java:79)
	at org.junit.runners.ParentRunner.runChildren(ParentRunner.java:329)
	at org.junit.runners.ParentRunner.access$100(ParentRunner.java:66)
	at org.junit.runners.ParentRunner$2.evaluate(ParentRunner.java:293)
	at org.junit.runners.ParentRunner$3.evaluate(ParentRunner.java:306)
	at org.junit.runners.ParentRunner.run(ParentRunner.java:413)
	at io.cucumber.junit.Cucumber.runChild(Cucumber.java:199)
	at io.cucumber.junit.Cucumber.runChild(Cucumber.java:90)
	at org.junit.runners.ParentRunner$4.run(ParentRunner.java:331)
	at org.junit.runners.ParentRunner$1.schedule(ParentRunner.java:79)
	at org.junit.runners.ParentRunner.runChildren(ParentRunner.java:329)
	at org.junit.runners.ParentRunner.access$100(ParentRunner.java:66)
	at org.junit.runners.ParentRunner$2.evaluate(ParentRunner.java:293)
	at io.cucumber.junit.Cucumber$RunCucumber.evaluate(Cucumber.java:234)
	at org.junit.runners.ParentRunner$3.evaluate(ParentRunner.java:306)
	at org.junit.runners.ParentRunner.run(ParentRunner.java:413)
	at org.apache.maven.surefire.junit4.JUnit4Provider.execute(JUnit4Provider.java:316)
	at org.apache.maven.surefire.junit4.JUnit4Provider.executeWithRerun(JUnit4Provider.java:240)
	at org.apache.maven.surefire.junit4.JUnit4Provider.executeTestSet(JUnit4Provider.java:214)
	at org.apache.maven.surefire.junit4.JUnit4Provider.invoke(JUnit4Provider.java:155)
	at org.apache.maven.surefire.booter.ForkedBooter.runSuitesInProcess(ForkedBooter.java:385)
	at org.apache.maven.surefire.booter.ForkedBooter.execute(ForkedBooter.java:162)
	at org.apache.maven.surefire.booter.ForkedBooter.run(ForkedBooter.java:507)
	at org.apache.maven.surefire.booter.ForkedBooter.main(ForkedBooter.java:495)
]]></error>
    <system-out><![CDATA[
@f1s1
Scenario Outline: User creates a new quote in Sales/Quotes                                         # src/test/java/features/1. CreateNewQuote.feature:11
set browser ==== Chrome
created app url ==== https://idp.bexio.com/login
  Given the user logged in to the application with 'stanemirdanstefan@gmail.com' and 'B3x!oAG'     # stepdefinitions.SalesSteps.userLoginsToApp(java.lang.String,java.lang.String)
  And the user is on the Quotes page                                                               # stepdefinitions.SalesSteps.userNavigatesToQuotes()
      com.microsoft.playwright.TimeoutError: Error {
  message='Timeout 30000ms exceeded.
=========================== logs ===========================
waiting for locator("xpath=//a[contains(text(),\"Sales\")]") to be visible
============================================================
  name='TimeoutError
  stack='TimeoutError: Timeout 30000ms exceeded.
=========================== logs ===========================
waiting for locator("xpath=//a[contains(text(),\"Sales\")]") to be visible
============================================================
    at ProgressController.run (/private/var/folders/m7/y8dvr8t539s1yv3lqxcptcf40000gn/T/playwright-java-16551940894594498932/package/lib/server/progress.js:88:26)
    at Frame.waitForSelector (/private/var/folders/m7/y8dvr8t539s1yv3lqxcptcf40000gn/T/playwright-java-16551940894594498932/package/lib/server/frames.js:630:23)
    at FrameDispatcher.waitForSelector (/private/var/folders/m7/y8dvr8t539s1yv3lqxcptcf40000gn/T/playwright-java-16551940894594498932/package/lib/server/dispatchers/frameDispatcher.js:98:117)
    at DispatcherConnection.dispatch (/private/var/folders/m7/y8dvr8t539s1yv3lqxcptcf40000gn/T/playwright-java-16551940894594498932/package/lib/server/dispatchers/dispatcher.js:312:46)
}
	at com.microsoft.playwright.impl.WaitableResult.get(WaitableResult.java:52)
	at com.microsoft.playwright.impl.ChannelOwner.runUntil(ChannelOwner.java:111)
	at com.microsoft.playwright.impl.Connection.sendMessage(Connection.java:126)
	at com.microsoft.playwright.impl.ChannelOwner.sendMessage(ChannelOwner.java:102)
	at com.microsoft.playwright.impl.FrameImpl.waitForSelectorImpl(FrameImpl.java:1064)
	at com.microsoft.playwright.impl.FrameImpl.waitForSelectorImpl(FrameImpl.java:1054)
	at com.microsoft.playwright.impl.PageImpl.lambda$waitForSelector$91(PageImpl.java:1460)
	at com.microsoft.playwright.impl.LoggingSupport.withLogging(LoggingSupport.java:47)
	at com.microsoft.playwright.impl.ChannelOwner.withLogging(ChannelOwner.java:87)
	at com.microsoft.playwright.impl.PageImpl.waitForSelector(PageImpl.java:1459)
	at com.microsoft.playwright.Page.waitForSelector(Page.java:7777)
	at utils.Utils.clickElement(Utils.java:15)
	at pages.SalesPage.navigateToQuotes(SalesPage.java:36)
	at stepdefinitions.SalesSteps.userNavigatesToQuotes(SalesSteps.java:50)
	at ✽.the user is on the Quotes page(file:///Users/dan.stanemir/Desktop/bexioAgTest/src/test/java/features/1.%20CreateNewQuote.feature:5)
Caused by: com.microsoft.playwright.TimeoutError: Error {
  message='Timeout 30000ms exceeded.
=========================== logs ===========================
waiting for locator("xpath=//a[contains(text(),\"Sales\")]") to be visible
============================================================
  name='TimeoutError
  stack='TimeoutError: Timeout 30000ms exceeded.
=========================== logs ===========================
waiting for locator("xpath=//a[contains(text(),\"Sales\")]") to be visible
============================================================
    at ProgressController.run (/private/var/folders/m7/y8dvr8t539s1yv3lqxcptcf40000gn/T/playwright-java-16551940894594498932/package/lib/server/progress.js:88:26)
    at Frame.waitForSelector (/private/var/folders/m7/y8dvr8t539s1yv3lqxcptcf40000gn/T/playwright-java-16551940894594498932/package/lib/server/frames.js:630:23)
    at FrameDispatcher.waitForSelector (/private/var/folders/m7/y8dvr8t539s1yv3lqxcptcf40000gn/T/playwright-java-16551940894594498932/package/lib/server/dispatchers/frameDispatcher.js:98:117)
    at DispatcherConnection.dispatch (/private/var/folders/m7/y8dvr8t539s1yv3lqxcptcf40000gn/T/playwright-java-16551940894594498932/package/lib/server/dispatchers/dispatcher.js:312:46)
}
	at com.microsoft.playwright.impl.Connection.dispatch(Connection.java:224)
	at com.microsoft.playwright.impl.Connection.processOneMessage(Connection.java:206)
	at com.microsoft.playwright.impl.ChannelOwner.runUntil(ChannelOwner.java:109)
	at com.microsoft.playwright.impl.Connection.sendMessage(Connection.java:126)
	at com.microsoft.playwright.impl.ChannelOwner.sendMessage(ChannelOwner.java:102)
	at com.microsoft.playwright.impl.FrameImpl.waitForSelectorImpl(FrameImpl.java:1064)
	at com.microsoft.playwright.impl.FrameImpl.waitForSelectorImpl(FrameImpl.java:1054)
	at com.microsoft.playwright.impl.PageImpl.lambda$waitForSelector$91(PageImpl.java:1460)
	at com.microsoft.playwright.impl.LoggingSupport.withLogging(LoggingSupport.java:47)
	at com.microsoft.playwright.impl.ChannelOwner.withLogging(ChannelOwner.java:87)
	at com.microsoft.playwright.impl.PageImpl.waitForSelector(PageImpl.java:1459)
	at com.microsoft.playwright.Page.waitForSelector(Page.java:7777)
	at utils.Utils.clickElement(Utils.java:15)
	at pages.SalesPage.navigateToQuotes(SalesPage.java:36)
	at stepdefinitions.SalesSteps.userNavigatesToQuotes(SalesSteps.java:50)
	at java.base/jdk.internal.reflect.DirectMethodHandleAccessor.invoke(DirectMethodHandleAccessor.java:104)
	at java.base/java.lang.reflect.Method.invoke(Method.java:578)
	at io.cucumber.java.Invoker.doInvoke(Invoker.java:66)
	at io.cucumber.java.Invoker.invoke(Invoker.java:24)
	at io.cucumber.java.AbstractGlueDefinition.invokeMethod(AbstractGlueDefinition.java:47)
	at io.cucumber.java.JavaStepDefinition.execute(JavaStepDefinition.java:29)
	at io.cucumber.core.runner.CoreStepDefinition.execute(CoreStepDefinition.java:66)
	at io.cucumber.core.runner.PickleStepDefinitionMatch.runStep(PickleStepDefinitionMatch.java:63)
	at io.cucumber.core.runner.ExecutionMode$1.execute(ExecutionMode.java:10)
	at io.cucumber.core.runner.TestStep.executeStep(TestStep.java:92)
	at io.cucumber.core.runner.TestStep.run(TestStep.java:64)
	at io.cucumber.core.runner.PickleStepTestStep.run(PickleStepTestStep.java:51)
	at io.cucumber.core.runner.TestCase.run(TestCase.java:104)
	at io.cucumber.core.runner.Runner.runPickle(Runner.java:71)
	at io.cucumber.junit.PickleRunners$NoStepDescriptions.run(PickleRunners.java:151)
	at io.cucumber.junit.FeatureRunner.runChild(FeatureRunner.java:135)
	at io.cucumber.junit.FeatureRunner.runChild(FeatureRunner.java:27)
	at org.junit.runners.ParentRunner$4.run(ParentRunner.java:331)
	at org.junit.runners.ParentRunner$1.schedule(ParentRunner.java:79)
	at org.junit.runners.ParentRunner.runChildren(ParentRunner.java:329)
	at org.junit.runners.ParentRunner.access$100(ParentRunner.java:66)
	at org.junit.runners.ParentRunner$2.evaluate(ParentRunner.java:293)
	at org.junit.runners.ParentRunner$3.evaluate(ParentRunner.java:306)
	at org.junit.runners.ParentRunner.run(ParentRunner.java:413)
	at io.cucumber.junit.Cucumber.runChild(Cucumber.java:199)
	at io.cucumber.junit.Cucumber.runChild(Cucumber.java:90)
	at org.junit.runners.ParentRunner$4.run(ParentRunner.java:331)
	at org.junit.runners.ParentRunner$1.schedule(ParentRunner.java:79)
	at org.junit.runners.ParentRunner.runChildren(ParentRunner.java:329)
	at org.junit.runners.ParentRunner.access$100(ParentRunner.java:66)
	at org.junit.runners.ParentRunner$2.evaluate(ParentRunner.java:293)
	at io.cucumber.junit.Cucumber$RunCucumber.evaluate(Cucumber.java:234)
	at org.junit.runners.ParentRunner$3.evaluate(ParentRunner.java:306)
	at org.junit.runners.ParentRunner.run(ParentRunner.java:413)
	at org.apache.maven.surefire.junit4.JUnit4Provider.execute(JUnit4Provider.java:316)
	at org.apache.maven.surefire.junit4.JUnit4Provider.executeWithRerun(JUnit4Provider.java:240)
	at org.apache.maven.surefire.junit4.JUnit4Provider.executeTestSet(JUnit4Provider.java:214)
	at org.apache.maven.surefire.junit4.JUnit4Provider.invoke(JUnit4Provider.java:155)
	at org.apache.maven.surefire.booter.ForkedBooter.runSuitesInProcess(ForkedBooter.java:385)
	at org.apache.maven.surefire.booter.ForkedBooter.execute(ForkedBooter.java:162)
	at org.apache.maven.surefire.booter.ForkedBooter.run(ForkedBooter.java:507)
	at org.apache.maven.surefire.booter.ForkedBooter.main(ForkedBooter.java:495)

  When the user creates a new quote with 'new quote' and '10' and '12'                             # stepdefinitions.SalesSteps.theUserCreatesANewQuote(java.lang.String,java.lang.String,java.lang.String)
  Then the quote is successfully created with the correct values for 'new quote' and '10' and '12' # stepdefinitions.SalesSteps.theQuoteWasCreated(java.lang.String,java.lang.String,java.lang.String)
]]></system-out>
  </testcase>
  <testcase name="User changes status of a quote from draft to pending" classname="Change status of a quote" time="37.614">
    <error message="Error {&#10;  message=&apos;Timeout 30000ms exceeded.&#10;=========================== logs ===========================&#10;waiting for locator(&quot;xpath=//tbody/tr/td/span[contains(text(),\&quot;Draft\&quot;)]&quot;) to be visible&#10;============================================================&#10;  name=&apos;TimeoutError&#10;  stack=&apos;TimeoutError: Timeout 30000ms exceeded.&#10;=========================== logs ===========================&#10;waiting for locator(&quot;xpath=//tbody/tr/td/span[contains(text(),\&quot;Draft\&quot;)]&quot;) to be visible&#10;============================================================&#10;    at ProgressController.run (/private/var/folders/m7/y8dvr8t539s1yv3lqxcptcf40000gn/T/playwright-java-16551940894594498932/package/lib/server/progress.js:88:26)&#10;    at Frame.waitForSelector (/private/var/folders/m7/y8dvr8t539s1yv3lqxcptcf40000gn/T/playwright-java-16551940894594498932/package/lib/server/frames.js:630:23)&#10;    at FrameDispatcher.waitForSelector (/private/var/folders/m7/y8dvr8t539s1yv3lqxcptcf40000gn/T/playwright-java-16551940894594498932/package/lib/server/dispatchers/frameDispatcher.js:98:117)&#10;    at DispatcherConnection.dispatch (/private/var/folders/m7/y8dvr8t539s1yv3lqxcptcf40000gn/T/playwright-java-16551940894594498932/package/lib/server/dispatchers/dispatcher.js:312:46)&#10;}" type="com.microsoft.playwright.TimeoutError"><![CDATA[com.microsoft.playwright.TimeoutError: 
Error {
  message='Timeout 30000ms exceeded.
=========================== logs ===========================
waiting for locator("xpath=//tbody/tr/td/span[contains(text(),\"Draft\")]") to be visible
============================================================
  name='TimeoutError
  stack='TimeoutError: Timeout 30000ms exceeded.
=========================== logs ===========================
waiting for locator("xpath=//tbody/tr/td/span[contains(text(),\"Draft\")]") to be visible
============================================================
    at ProgressController.run (/private/var/folders/m7/y8dvr8t539s1yv3lqxcptcf40000gn/T/playwright-java-16551940894594498932/package/lib/server/progress.js:88:26)
    at Frame.waitForSelector (/private/var/folders/m7/y8dvr8t539s1yv3lqxcptcf40000gn/T/playwright-java-16551940894594498932/package/lib/server/frames.js:630:23)
    at FrameDispatcher.waitForSelector (/private/var/folders/m7/y8dvr8t539s1yv3lqxcptcf40000gn/T/playwright-java-16551940894594498932/package/lib/server/dispatchers/frameDispatcher.js:98:117)
    at DispatcherConnection.dispatch (/private/var/folders/m7/y8dvr8t539s1yv3lqxcptcf40000gn/T/playwright-java-16551940894594498932/package/lib/server/dispatchers/dispatcher.js:312:46)
}
	at com.microsoft.playwright.impl.WaitableResult.get(WaitableResult.java:52)
	at com.microsoft.playwright.impl.ChannelOwner.runUntil(ChannelOwner.java:111)
	at com.microsoft.playwright.impl.Connection.sendMessage(Connection.java:126)
	at com.microsoft.playwright.impl.ChannelOwner.sendMessage(ChannelOwner.java:102)
	at com.microsoft.playwright.impl.FrameImpl.waitForSelectorImpl(FrameImpl.java:1064)
	at com.microsoft.playwright.impl.FrameImpl.waitForSelectorImpl(FrameImpl.java:1054)
	at com.microsoft.playwright.impl.PageImpl.lambda$waitForSelector$91(PageImpl.java:1460)
	at com.microsoft.playwright.impl.LoggingSupport.withLogging(LoggingSupport.java:47)
	at com.microsoft.playwright.impl.ChannelOwner.withLogging(ChannelOwner.java:87)
	at com.microsoft.playwright.impl.PageImpl.waitForSelector(PageImpl.java:1459)
	at com.microsoft.playwright.Page.waitForSelector(Page.java:7777)
	at utils.Utils.clickFirstElementWithLocator(Utils.java:30)
	at pages.SalesPage.checkThereIsAtLeastOneInState(SalesPage.java:61)
	at stepdefinitions.SalesSteps.thereIsAQuoteIn(SalesSteps.java:65)
	at ✽.there is a quote in "Draft"(file:///Users/dan.stanemir/Desktop/bexioAgTest/src/test/java/features/2.%20ChangeQuoteStatus.feature:6)
Caused by: com.microsoft.playwright.TimeoutError: Error {
  message='Timeout 30000ms exceeded.
=========================== logs ===========================
waiting for locator("xpath=//tbody/tr/td/span[contains(text(),\"Draft\")]") to be visible
============================================================
  name='TimeoutError
  stack='TimeoutError: Timeout 30000ms exceeded.
=========================== logs ===========================
waiting for locator("xpath=//tbody/tr/td/span[contains(text(),\"Draft\")]") to be visible
============================================================
    at ProgressController.run (/private/var/folders/m7/y8dvr8t539s1yv3lqxcptcf40000gn/T/playwright-java-16551940894594498932/package/lib/server/progress.js:88:26)
    at Frame.waitForSelector (/private/var/folders/m7/y8dvr8t539s1yv3lqxcptcf40000gn/T/playwright-java-16551940894594498932/package/lib/server/frames.js:630:23)
    at FrameDispatcher.waitForSelector (/private/var/folders/m7/y8dvr8t539s1yv3lqxcptcf40000gn/T/playwright-java-16551940894594498932/package/lib/server/dispatchers/frameDispatcher.js:98:117)
    at DispatcherConnection.dispatch (/private/var/folders/m7/y8dvr8t539s1yv3lqxcptcf40000gn/T/playwright-java-16551940894594498932/package/lib/server/dispatchers/dispatcher.js:312:46)
}
	at com.microsoft.playwright.impl.Connection.dispatch(Connection.java:224)
	at com.microsoft.playwright.impl.Connection.processOneMessage(Connection.java:206)
	at com.microsoft.playwright.impl.ChannelOwner.runUntil(ChannelOwner.java:109)
	at com.microsoft.playwright.impl.Connection.sendMessage(Connection.java:126)
	at com.microsoft.playwright.impl.ChannelOwner.sendMessage(ChannelOwner.java:102)
	at com.microsoft.playwright.impl.FrameImpl.waitForSelectorImpl(FrameImpl.java:1064)
	at com.microsoft.playwright.impl.FrameImpl.waitForSelectorImpl(FrameImpl.java:1054)
	at com.microsoft.playwright.impl.PageImpl.lambda$waitForSelector$91(PageImpl.java:1460)
	at com.microsoft.playwright.impl.LoggingSupport.withLogging(LoggingSupport.java:47)
	at com.microsoft.playwright.impl.ChannelOwner.withLogging(ChannelOwner.java:87)
	at com.microsoft.playwright.impl.PageImpl.waitForSelector(PageImpl.java:1459)
	at com.microsoft.playwright.Page.waitForSelector(Page.java:7777)
	at utils.Utils.clickFirstElementWithLocator(Utils.java:30)
	at pages.SalesPage.checkThereIsAtLeastOneInState(SalesPage.java:61)
	at stepdefinitions.SalesSteps.thereIsAQuoteIn(SalesSteps.java:65)
	at java.base/jdk.internal.reflect.DirectMethodHandleAccessor.invoke(DirectMethodHandleAccessor.java:104)
	at java.base/java.lang.reflect.Method.invoke(Method.java:578)
	at io.cucumber.java.Invoker.doInvoke(Invoker.java:66)
	at io.cucumber.java.Invoker.invoke(Invoker.java:24)
	at io.cucumber.java.AbstractGlueDefinition.invokeMethod(AbstractGlueDefinition.java:47)
	at io.cucumber.java.JavaStepDefinition.execute(JavaStepDefinition.java:29)
	at io.cucumber.core.runner.CoreStepDefinition.execute(CoreStepDefinition.java:66)
	at io.cucumber.core.runner.PickleStepDefinitionMatch.runStep(PickleStepDefinitionMatch.java:63)
	at io.cucumber.core.runner.ExecutionMode$1.execute(ExecutionMode.java:10)
	at io.cucumber.core.runner.TestStep.executeStep(TestStep.java:92)
	at io.cucumber.core.runner.TestStep.run(TestStep.java:64)
	at io.cucumber.core.runner.PickleStepTestStep.run(PickleStepTestStep.java:51)
	at io.cucumber.core.runner.TestCase.run(TestCase.java:104)
	at io.cucumber.core.runner.Runner.runPickle(Runner.java:71)
	at io.cucumber.junit.PickleRunners$NoStepDescriptions.run(PickleRunners.java:151)
	at io.cucumber.junit.FeatureRunner.runChild(FeatureRunner.java:135)
	at io.cucumber.junit.FeatureRunner.runChild(FeatureRunner.java:27)
	at org.junit.runners.ParentRunner$4.run(ParentRunner.java:331)
	at org.junit.runners.ParentRunner$1.schedule(ParentRunner.java:79)
	at org.junit.runners.ParentRunner.runChildren(ParentRunner.java:329)
	at org.junit.runners.ParentRunner.access$100(ParentRunner.java:66)
	at org.junit.runners.ParentRunner$2.evaluate(ParentRunner.java:293)
	at org.junit.runners.ParentRunner$3.evaluate(ParentRunner.java:306)
	at org.junit.runners.ParentRunner.run(ParentRunner.java:413)
	at io.cucumber.junit.Cucumber.runChild(Cucumber.java:199)
	at io.cucumber.junit.Cucumber.runChild(Cucumber.java:90)
	at org.junit.runners.ParentRunner$4.run(ParentRunner.java:331)
	at org.junit.runners.ParentRunner$1.schedule(ParentRunner.java:79)
	at org.junit.runners.ParentRunner.runChildren(ParentRunner.java:329)
	at org.junit.runners.ParentRunner.access$100(ParentRunner.java:66)
	at org.junit.runners.ParentRunner$2.evaluate(ParentRunner.java:293)
	at io.cucumber.junit.Cucumber$RunCucumber.evaluate(Cucumber.java:234)
	at org.junit.runners.ParentRunner$3.evaluate(ParentRunner.java:306)
	at org.junit.runners.ParentRunner.run(ParentRunner.java:413)
	at org.apache.maven.surefire.junit4.JUnit4Provider.execute(JUnit4Provider.java:316)
	at org.apache.maven.surefire.junit4.JUnit4Provider.executeWithRerun(JUnit4Provider.java:240)
	at org.apache.maven.surefire.junit4.JUnit4Provider.executeTestSet(JUnit4Provider.java:214)
	at org.apache.maven.surefire.junit4.JUnit4Provider.invoke(JUnit4Provider.java:155)
	at org.apache.maven.surefire.booter.ForkedBooter.runSuitesInProcess(ForkedBooter.java:385)
	at org.apache.maven.surefire.booter.ForkedBooter.execute(ForkedBooter.java:162)
	at org.apache.maven.surefire.booter.ForkedBooter.run(ForkedBooter.java:507)
	at org.apache.maven.surefire.booter.ForkedBooter.main(ForkedBooter.java:495)
]]></error>
    <system-out><![CDATA[
@f2s1
Scenario Outline: User changes status of a quote from draft to pending                          # src/test/java/features/2. ChangeQuoteStatus.feature:13
set browser ==== Chrome
created app url ==== https://idp.bexio.com/login
  Given the user logged in to the application with "stanemirdanstefan@gmail.com" and "B3x!oAG1" # stepdefinitions.SalesSteps.userLoginsToApp(java.lang.String,java.lang.String)
  And the user is on the Quotes page                                                            # stepdefinitions.SalesSteps.userNavigatesToQuotes()
  And there is a quote in "Draft"                                                               # stepdefinitions.SalesSteps.thereIsAQuoteIn(java.lang.String)
      com.microsoft.playwright.TimeoutError: Error {
  message='Timeout 30000ms exceeded.
=========================== logs ===========================
waiting for locator("xpath=//tbody/tr/td/span[contains(text(),\"Draft\")]") to be visible
============================================================
  name='TimeoutError
  stack='TimeoutError: Timeout 30000ms exceeded.
=========================== logs ===========================
waiting for locator("xpath=//tbody/tr/td/span[contains(text(),\"Draft\")]") to be visible
============================================================
    at ProgressController.run (/private/var/folders/m7/y8dvr8t539s1yv3lqxcptcf40000gn/T/playwright-java-16551940894594498932/package/lib/server/progress.js:88:26)
    at Frame.waitForSelector (/private/var/folders/m7/y8dvr8t539s1yv3lqxcptcf40000gn/T/playwright-java-16551940894594498932/package/lib/server/frames.js:630:23)
    at FrameDispatcher.waitForSelector (/private/var/folders/m7/y8dvr8t539s1yv3lqxcptcf40000gn/T/playwright-java-16551940894594498932/package/lib/server/dispatchers/frameDispatcher.js:98:117)
    at DispatcherConnection.dispatch (/private/var/folders/m7/y8dvr8t539s1yv3lqxcptcf40000gn/T/playwright-java-16551940894594498932/package/lib/server/dispatchers/dispatcher.js:312:46)
}
	at com.microsoft.playwright.impl.WaitableResult.get(WaitableResult.java:52)
	at com.microsoft.playwright.impl.ChannelOwner.runUntil(ChannelOwner.java:111)
	at com.microsoft.playwright.impl.Connection.sendMessage(Connection.java:126)
	at com.microsoft.playwright.impl.ChannelOwner.sendMessage(ChannelOwner.java:102)
	at com.microsoft.playwright.impl.FrameImpl.waitForSelectorImpl(FrameImpl.java:1064)
	at com.microsoft.playwright.impl.FrameImpl.waitForSelectorImpl(FrameImpl.java:1054)
	at com.microsoft.playwright.impl.PageImpl.lambda$waitForSelector$91(PageImpl.java:1460)
	at com.microsoft.playwright.impl.LoggingSupport.withLogging(LoggingSupport.java:47)
	at com.microsoft.playwright.impl.ChannelOwner.withLogging(ChannelOwner.java:87)
	at com.microsoft.playwright.impl.PageImpl.waitForSelector(PageImpl.java:1459)
	at com.microsoft.playwright.Page.waitForSelector(Page.java:7777)
	at utils.Utils.clickFirstElementWithLocator(Utils.java:30)
	at pages.SalesPage.checkThereIsAtLeastOneInState(SalesPage.java:61)
	at stepdefinitions.SalesSteps.thereIsAQuoteIn(SalesSteps.java:65)
	at ✽.there is a quote in "Draft"(file:///Users/dan.stanemir/Desktop/bexioAgTest/src/test/java/features/2.%20ChangeQuoteStatus.feature:6)
Caused by: com.microsoft.playwright.TimeoutError: Error {
  message='Timeout 30000ms exceeded.
=========================== logs ===========================
waiting for locator("xpath=//tbody/tr/td/span[contains(text(),\"Draft\")]") to be visible
============================================================
  name='TimeoutError
  stack='TimeoutError: Timeout 30000ms exceeded.
=========================== logs ===========================
waiting for locator("xpath=//tbody/tr/td/span[contains(text(),\"Draft\")]") to be visible
============================================================
    at ProgressController.run (/private/var/folders/m7/y8dvr8t539s1yv3lqxcptcf40000gn/T/playwright-java-16551940894594498932/package/lib/server/progress.js:88:26)
    at Frame.waitForSelector (/private/var/folders/m7/y8dvr8t539s1yv3lqxcptcf40000gn/T/playwright-java-16551940894594498932/package/lib/server/frames.js:630:23)
    at FrameDispatcher.waitForSelector (/private/var/folders/m7/y8dvr8t539s1yv3lqxcptcf40000gn/T/playwright-java-16551940894594498932/package/lib/server/dispatchers/frameDispatcher.js:98:117)
    at DispatcherConnection.dispatch (/private/var/folders/m7/y8dvr8t539s1yv3lqxcptcf40000gn/T/playwright-java-16551940894594498932/package/lib/server/dispatchers/dispatcher.js:312:46)
}
	at com.microsoft.playwright.impl.Connection.dispatch(Connection.java:224)
	at com.microsoft.playwright.impl.Connection.processOneMessage(Connection.java:206)
	at com.microsoft.playwright.impl.ChannelOwner.runUntil(ChannelOwner.java:109)
	at com.microsoft.playwright.impl.Connection.sendMessage(Connection.java:126)
	at com.microsoft.playwright.impl.ChannelOwner.sendMessage(ChannelOwner.java:102)
	at com.microsoft.playwright.impl.FrameImpl.waitForSelectorImpl(FrameImpl.java:1064)
	at com.microsoft.playwright.impl.FrameImpl.waitForSelectorImpl(FrameImpl.java:1054)
	at com.microsoft.playwright.impl.PageImpl.lambda$waitForSelector$91(PageImpl.java:1460)
	at com.microsoft.playwright.impl.LoggingSupport.withLogging(LoggingSupport.java:47)
	at com.microsoft.playwright.impl.ChannelOwner.withLogging(ChannelOwner.java:87)
	at com.microsoft.playwright.impl.PageImpl.waitForSelector(PageImpl.java:1459)
	at com.microsoft.playwright.Page.waitForSelector(Page.java:7777)
	at utils.Utils.clickFirstElementWithLocator(Utils.java:30)
	at pages.SalesPage.checkThereIsAtLeastOneInState(SalesPage.java:61)
	at stepdefinitions.SalesSteps.thereIsAQuoteIn(SalesSteps.java:65)
	at java.base/jdk.internal.reflect.DirectMethodHandleAccessor.invoke(DirectMethodHandleAccessor.java:104)
	at java.base/java.lang.reflect.Method.invoke(Method.java:578)
	at io.cucumber.java.Invoker.doInvoke(Invoker.java:66)
	at io.cucumber.java.Invoker.invoke(Invoker.java:24)
	at io.cucumber.java.AbstractGlueDefinition.invokeMethod(AbstractGlueDefinition.java:47)
	at io.cucumber.java.JavaStepDefinition.execute(JavaStepDefinition.java:29)
	at io.cucumber.core.runner.CoreStepDefinition.execute(CoreStepDefinition.java:66)
	at io.cucumber.core.runner.PickleStepDefinitionMatch.runStep(PickleStepDefinitionMatch.java:63)
	at io.cucumber.core.runner.ExecutionMode$1.execute(ExecutionMode.java:10)
	at io.cucumber.core.runner.TestStep.executeStep(TestStep.java:92)
	at io.cucumber.core.runner.TestStep.run(TestStep.java:64)
	at io.cucumber.core.runner.PickleStepTestStep.run(PickleStepTestStep.java:51)
	at io.cucumber.core.runner.TestCase.run(TestCase.java:104)
	at io.cucumber.core.runner.Runner.runPickle(Runner.java:71)
	at io.cucumber.junit.PickleRunners$NoStepDescriptions.run(PickleRunners.java:151)
	at io.cucumber.junit.FeatureRunner.runChild(FeatureRunner.java:135)
	at io.cucumber.junit.FeatureRunner.runChild(FeatureRunner.java:27)
	at org.junit.runners.ParentRunner$4.run(ParentRunner.java:331)
	at org.junit.runners.ParentRunner$1.schedule(ParentRunner.java:79)
	at org.junit.runners.ParentRunner.runChildren(ParentRunner.java:329)
	at org.junit.runners.ParentRunner.access$100(ParentRunner.java:66)
	at org.junit.runners.ParentRunner$2.evaluate(ParentRunner.java:293)
	at org.junit.runners.ParentRunner$3.evaluate(ParentRunner.java:306)
	at org.junit.runners.ParentRunner.run(ParentRunner.java:413)
	at io.cucumber.junit.Cucumber.runChild(Cucumber.java:199)
	at io.cucumber.junit.Cucumber.runChild(Cucumber.java:90)
	at org.junit.runners.ParentRunner$4.run(ParentRunner.java:331)
	at org.junit.runners.ParentRunner$1.schedule(ParentRunner.java:79)
	at org.junit.runners.ParentRunner.runChildren(ParentRunner.java:329)
	at org.junit.runners.ParentRunner.access$100(ParentRunner.java:66)
	at org.junit.runners.ParentRunner$2.evaluate(ParentRunner.java:293)
	at io.cucumber.junit.Cucumber$RunCucumber.evaluate(Cucumber.java:234)
	at org.junit.runners.ParentRunner$3.evaluate(ParentRunner.java:306)
	at org.junit.runners.ParentRunner.run(ParentRunner.java:413)
	at org.apache.maven.surefire.junit4.JUnit4Provider.execute(JUnit4Provider.java:316)
	at org.apache.maven.surefire.junit4.JUnit4Provider.executeWithRerun(JUnit4Provider.java:240)
	at org.apache.maven.surefire.junit4.JUnit4Provider.executeTestSet(JUnit4Provider.java:214)
	at org.apache.maven.surefire.junit4.JUnit4Provider.invoke(JUnit4Provider.java:155)
	at org.apache.maven.surefire.booter.ForkedBooter.runSuitesInProcess(ForkedBooter.java:385)
	at org.apache.maven.surefire.booter.ForkedBooter.execute(ForkedBooter.java:162)
	at org.apache.maven.surefire.booter.ForkedBooter.run(ForkedBooter.java:507)
	at org.apache.maven.surefire.booter.ForkedBooter.main(ForkedBooter.java:495)

  When the user marks the quote as "Pending"                                                    # stepdefinitions.SalesSteps.theUserMarksTheQuoteAs(java.lang.String)
  Then the quote status should change to "Pending"                                              # stepdefinitions.SalesSteps.theQuoteStatusShouldChangeTo(java.lang.String)
]]></system-out>
  </testcase>
</testsuite>