<?xml version="1.0" encoding="UTF-8"?>
<testsuite xmlns:xsi="http://www.w3.org/2001/XMLSchema-instance" xsi:noNamespaceSchemaLocation="https://maven.apache.org/surefire/maven-surefire-plugin/xsd/surefire-test-report-3.0.xsd" version="3.0" name="testrunner.TestRunner" time="21.219" tests="2" errors="0" skipped="0" failures="0">
  <properties>
    <property name="java.specification.version" value="20"/>
    <property name="sun.jnu.encoding" value="UTF-8"/>
    <property name="java.class.path" value="/Users/dan.stanemir/Desktop/bexioAgTest/target/test-classes:/Users/dan.stanemir/Desktop/bexioAgTest/target/classes:/Users/dan.stanemir/.m2/repository/com/microsoft/playwright/playwright/1.33.0/playwright-1.33.0.jar:/Users/dan.stanemir/.m2/repository/com/google/code/gson/gson/2.8.9/gson-2.8.9.jar:/Users/dan.stanemir/.m2/repository/org/opentest4j/opentest4j/1.2.0/opentest4j-1.2.0.jar:/Users/dan.stanemir/.m2/repository/com/microsoft/playwright/driver/1.33.0/driver-1.33.0.jar:/Users/dan.stanemir/.m2/repository/com/microsoft/playwright/driver-bundle/1.33.0/driver-bundle-1.33.0.jar:/Users/dan.stanemir/.m2/repository/io/cucumber/cucumber-java/6.9.1/cucumber-java-6.9.1.jar:/Users/dan.stanemir/.m2/repository/io/cucumber/cucumber-core/6.9.1/cucumber-core-6.9.1.jar:/Users/dan.stanemir/.m2/repository/io/cucumber/cucumber-gherkin/6.9.1/cucumber-gherkin-6.9.1.jar:/Users/dan.stanemir/.m2/repository/io/cucumber/cucumber-gherkin-messages/6.9.1/cucumber-gherkin-messages-6.9.1.jar:/Users/dan.stanemir/.m2/repository/io/cucumber/messages/13.2.1/messages-13.2.1.jar:/Users/dan.stanemir/.m2/repository/io/cucumber/tag-expressions/3.0.0/tag-expressions-3.0.0.jar:/Users/dan.stanemir/.m2/repository/io/cucumber/cucumber-expressions/10.3.0/cucumber-expressions-10.3.0.jar:/Users/dan.stanemir/.m2/repository/io/cucumber/datatable/3.5.0/datatable-3.5.0.jar:/Users/dan.stanemir/.m2/repository/io/cucumber/cucumber-plugin/6.9.1/cucumber-plugin-6.9.1.jar:/Users/dan.stanemir/.m2/repository/io/cucumber/docstring/6.9.1/docstring-6.9.1.jar:/Users/dan.stanemir/.m2/repository/io/cucumber/html-formatter/9.0.0/html-formatter-9.0.0.jar:/Users/dan.stanemir/.m2/repository/io/cucumber/create-meta/2.0.4/create-meta-2.0.4.jar:/Users/dan.stanemir/.m2/repository/org/apiguardian/apiguardian-api/1.1.0/apiguardian-api-1.1.0.jar:/Users/dan.stanemir/.m2/repository/io/cucumber/cucumber-junit/6.9.1/cucumber-junit-6.9.1.jar:/Users/dan.stanemir/.m2/repository/junit/junit/4.13.1/junit-4.13.1.jar:/Users/dan.stanemir/.m2/repository/org/hamcrest/hamcrest-core/1.3/hamcrest-core-1.3.jar:"/>
    <property name="java.vm.vendor" value="Homebrew"/>
    <property name="sun.arch.data.model" value="64"/>
    <property name="java.vendor.url" value="https://github.com/Homebrew/homebrew-core/issues"/>
    <property name="os.name" value="Mac OS X"/>
    <property name="java.vm.specification.version" value="20"/>
    <property name="sun.java.launcher" value="SUN_STANDARD"/>
    <property name="user.country" value="GB"/>
    <property name="sun.boot.library.path" value="/opt/homebrew/Cellar/openjdk/20.0.1/libexec/openjdk.jdk/Contents/Home/lib"/>
    <property name="sun.java.command" value="/Users/dan.stanemir/Desktop/bexioAgTest/target/surefire/surefirebooter-20230509100900994_3.jar /Users/dan.stanemir/Desktop/bexioAgTest/target/surefire 2023-05-09T10-09-00_948-jvmRun1 surefire-20230509100900994_1tmp surefire_0-20230509100900994_2tmp"/>
    <property name="http.nonProxyHosts" value="local|*.local|169.254/16|*.169.254/16"/>
    <property name="jdk.debug" value="release"/>
    <property name="surefire.test.class.path" value="/Users/dan.stanemir/Desktop/bexioAgTest/target/test-classes:/Users/dan.stanemir/Desktop/bexioAgTest/target/classes:/Users/dan.stanemir/.m2/repository/com/microsoft/playwright/playwright/1.33.0/playwright-1.33.0.jar:/Users/dan.stanemir/.m2/repository/com/google/code/gson/gson/2.8.9/gson-2.8.9.jar:/Users/dan.stanemir/.m2/repository/org/opentest4j/opentest4j/1.2.0/opentest4j-1.2.0.jar:/Users/dan.stanemir/.m2/repository/com/microsoft/playwright/driver/1.33.0/driver-1.33.0.jar:/Users/dan.stanemir/.m2/repository/com/microsoft/playwright/driver-bundle/1.33.0/driver-bundle-1.33.0.jar:/Users/dan.stanemir/.m2/repository/io/cucumber/cucumber-java/6.9.1/cucumber-java-6.9.1.jar:/Users/dan.stanemir/.m2/repository/io/cucumber/cucumber-core/6.9.1/cucumber-core-6.9.1.jar:/Users/dan.stanemir/.m2/repository/io/cucumber/cucumber-gherkin/6.9.1/cucumber-gherkin-6.9.1.jar:/Users/dan.stanemir/.m2/repository/io/cucumber/cucumber-gherkin-messages/6.9.1/cucumber-gherkin-messages-6.9.1.jar:/Users/dan.stanemir/.m2/repository/io/cucumber/messages/13.2.1/messages-13.2.1.jar:/Users/dan.stanemir/.m2/repository/io/cucumber/tag-expressions/3.0.0/tag-expressions-3.0.0.jar:/Users/dan.stanemir/.m2/repository/io/cucumber/cucumber-expressions/10.3.0/cucumber-expressions-10.3.0.jar:/Users/dan.stanemir/.m2/repository/io/cucumber/datatable/3.5.0/datatable-3.5.0.jar:/Users/dan.stanemir/.m2/repository/io/cucumber/cucumber-plugin/6.9.1/cucumber-plugin-6.9.1.jar:/Users/dan.stanemir/.m2/repository/io/cucumber/docstring/6.9.1/docstring-6.9.1.jar:/Users/dan.stanemir/.m2/repository/io/cucumber/html-formatter/9.0.0/html-formatter-9.0.0.jar:/Users/dan.stanemir/.m2/repository/io/cucumber/create-meta/2.0.4/create-meta-2.0.4.jar:/Users/dan.stanemir/.m2/repository/org/apiguardian/apiguardian-api/1.1.0/apiguardian-api-1.1.0.jar:/Users/dan.stanemir/.m2/repository/io/cucumber/cucumber-junit/6.9.1/cucumber-junit-6.9.1.jar:/Users/dan.stanemir/.m2/repository/junit/junit/4.13.1/junit-4.13.1.jar:/Users/dan.stanemir/.m2/repository/org/hamcrest/hamcrest-core/1.3/hamcrest-core-1.3.jar:"/>
    <property name="sun.cpu.endian" value="little"/>
    <property name="user.home" value="/Users/dan.stanemir"/>
    <property name="user.language" value="en"/>
    <property name="java.specification.vendor" value="Oracle Corporation"/>
    <property name="java.version.date" value="2023-04-18"/>
    <property name="java.home" value="/opt/homebrew/Cellar/openjdk/20.0.1/libexec/openjdk.jdk/Contents/Home"/>
    <property name="file.separator" value="/"/>
    <property name="basedir" value="/Users/dan.stanemir/Desktop/bexioAgTest"/>
    <property name="java.vm.compressedOopsMode" value="Zero based"/>
    <property name="line.separator" value="&#10;"/>
    <property name="java.vm.specification.vendor" value="Oracle Corporation"/>
    <property name="java.specification.name" value="Java Platform API Specification"/>
    <property name="apple.awt.application.name" value="ForkedBooter"/>
    <property name="surefire.real.class.path" value="/Users/dan.stanemir/Desktop/bexioAgTest/target/surefire/surefirebooter-20230509100900994_3.jar"/>
    <property name="sun.management.compiler" value="HotSpot 64-Bit Tiered Compilers"/>
    <property name="ftp.nonProxyHosts" value="local|*.local|169.254/16|*.169.254/16"/>
    <property name="java.runtime.version" value="20.0.1"/>
    <property name="user.name" value="dan.stanemir"/>
    <property name="stdout.encoding" value="UTF-8"/>
    <property name="appurl" value="https://idp.bexio.com/login"/>
    <property name="path.separator" value=":"/>
    <property name="os.version" value="13.2.1"/>
    <property name="java.runtime.name" value="OpenJDK Runtime Environment"/>
    <property name="file.encoding" value="UTF-8"/>
    <property name="browser" value="Chrome"/>
    <property name="java.vm.name" value="OpenJDK 64-Bit Server VM"/>
    <property name="java.vendor.version" value="Homebrew"/>
    <property name="localRepository" value="/Users/dan.stanemir/.m2/repository"/>
    <property name="java.vendor.url.bug" value="https://github.com/Homebrew/homebrew-core/issues"/>
    <property name="java.io.tmpdir" value="/var/folders/m7/y8dvr8t539s1yv3lqxcptcf40000gn/T/"/>
    <property name="java.version" value="20.0.1"/>
    <property name="user.dir" value="/Users/dan.stanemir/Desktop/bexioAgTest"/>
    <property name="os.arch" value="aarch64"/>
    <property name="java.vm.specification.name" value="Java Virtual Machine Specification"/>
    <property name="native.encoding" value="UTF-8"/>
    <property name="java.library.path" value="/Users/dan.stanemir/Library/Java/Extensions:/Library/Java/Extensions:/Network/Library/Java/Extensions:/System/Library/Java/Extensions:/usr/lib/java:."/>
    <property name="java.vm.info" value="mixed mode, sharing"/>
    <property name="stderr.encoding" value="UTF-8"/>
    <property name="java.vendor" value="Homebrew"/>
    <property name="java.vm.version" value="20.0.1"/>
    <property name="sun.io.unicode.encoding" value="UnicodeBig"/>
    <property name="socksNonProxyHosts" value="local|*.local|169.254/16|*.169.254/16"/>
    <property name="java.class.version" value="64.0"/>
  </properties>
  <testcase name="User creates a new quote in Sales/Quotes" classname="Create new quote in Sales/Quotes" time="13.455">
    <system-out><![CDATA[
Scenario Outline: User creates a new quote in Sales/Quotes                                         # src/test/java/features/1. CreateNewQuote.feature:11
set browser ==== Chrome
created app url ==== https://idp.bexio.com/login
  Given the user logged in to the application with 'stanemirdanstefan@gmail.com' and 'B3x!oAG1'    # stepdefinitions.SalesSteps.userLoginsToApp(java.lang.String,java.lang.String)
  And the user is on the Quotes page                                                               # stepdefinitions.SalesSteps.userNavigatesToQuotes()
  When the user creates a new quote with 'new quote' and '10' and '12'                             # stepdefinitions.SalesSteps.theUserCreatesANewQuote(java.lang.String,java.lang.String,java.lang.String)
  Then the quote is successfully created with the correct values for 'new quote' and '10' and '12' # stepdefinitions.SalesSteps.theQuoteWasCreated(java.lang.String,java.lang.String,java.lang.String)
]]></system-out>
  </testcase>
  <testcase name="User changes status of a quote from draft to pending" classname="Change status of a quote" time="7.446">
    <system-out><![CDATA[
Scenario Outline: User changes status of a quote from draft to pending                          # src/test/java/features/2. ChangeQuoteStatus.feature:13
set browser ==== Chrome
created app url ==== https://idp.bexio.com/login
  Given the user logged in to the application with "stanemirdanstefan@gmail.com" and "B3x!oAG1" # stepdefinitions.SalesSteps.userLoginsToApp(java.lang.String,java.lang.String)
  And the user is on the Quotes page                                                            # stepdefinitions.SalesSteps.userNavigatesToQuotes()
A total of 8 elements where found
  And there is a quote in "Draft"                                                               # stepdefinitions.SalesSteps.thereIsAQuoteIn(java.lang.String)
  When the user marks the quote as "Pending"                                                    # stepdefinitions.SalesSteps.theUserMarksTheQuoteAs(java.lang.String)
  Then the quote status should change to "Pending"                                              # stepdefinitions.SalesSteps.theQuoteStatusShouldChangeTo(java.lang.String)
]]></system-out>
  </testcase>
</testsuite>